2026-03-03 16:31:09 | INFO     | pramaan | ============================================================
2026-03-03 16:31:09 | INFO     | pramaan |   Project Pramaan – Intelli-Credit Engine v1.0.0
2026-03-03 16:31:09 | INFO     | pramaan |   Credit Committee Architecture – Online
2026-03-03 16:31:09 | INFO     | pramaan | ============================================================
2026-03-03 16:40:25 | INFO     | pramaan | Pramaan shutting down. Audit trail preserved.
2026-03-03 16:40:32 | INFO     | pramaan | ============================================================
2026-03-03 16:40:32 | INFO     | pramaan |   Project Pramaan – Intelli-Credit Engine v1.0.0
2026-03-03 16:40:32 | INFO     | pramaan |   Credit Committee Architecture – Online
2026-03-03 16:40:32 | INFO     | pramaan | ============================================================
2026-03-03 16:45:25 | INFO     | pramaan | Pramaan shutting down. Audit trail preserved.
2026-03-03 16:45:29 | INFO     | uvicorn.error | Started server process [26900]
2026-03-03 16:45:29 | INFO     | uvicorn.error | Waiting for application startup.
2026-03-03 16:45:29 | INFO     | pramaan | ============================================================
2026-03-03 16:45:29 | INFO     | pramaan |   Project Pramaan – Intelli-Credit Engine v1.0.0
2026-03-03 16:45:29 | INFO     | pramaan |   Credit Committee Architecture – Online
2026-03-03 16:45:29 | INFO     | pramaan | ============================================================
2026-03-03 16:45:29 | INFO     | uvicorn.error | Application startup complete.
2026-03-03 17:00:18 | INFO     | uvicorn.error | Shutting down
2026-03-03 17:00:18 | INFO     | uvicorn.error | Waiting for application shutdown.
2026-03-03 17:00:18 | INFO     | pramaan | Pramaan shutting down. Audit trail preserved.
2026-03-03 17:00:18 | INFO     | uvicorn.error | Application shutdown complete.
2026-03-03 17:00:18 | INFO     | uvicorn.error | Finished server process [26900]
2026-03-03 17:02:13 | INFO     | uvicorn.error | Started server process [27800]
2026-03-03 17:02:13 | INFO     | uvicorn.error | Waiting for application startup.
2026-03-03 17:02:13 | INFO     | pramaan | ============================================================
2026-03-03 17:02:13 | INFO     | pramaan |   Project Pramaan – Intelli-Credit Engine v1.0.0
2026-03-03 17:02:13 | INFO     | pramaan |   Credit Committee Architecture – Online
2026-03-03 17:02:13 | INFO     | pramaan | ============================================================
2026-03-03 17:02:13 | INFO     | uvicorn.error | Application startup complete.
2026-03-03 17:32:36 | INFO     | uvicorn.error | Shutting down
2026-03-03 17:32:36 | INFO     | uvicorn.error | Waiting for application shutdown.
2026-03-03 17:32:36 | INFO     | pramaan | Pramaan shutting down. Audit trail preserved.
2026-03-03 17:32:36 | INFO     | uvicorn.error | Application shutdown complete.
2026-03-03 17:32:36 | INFO     | uvicorn.error | Finished server process [27800]
2026-03-03 17:33:23 | INFO     | uvicorn.error | Started server process [29628]
2026-03-03 17:33:23 | INFO     | uvicorn.error | Waiting for application startup.
2026-03-03 17:33:23 | INFO     | pramaan | ============================================================
2026-03-03 17:33:23 | INFO     | pramaan |   Project Pramaan – Intelli-Credit Engine v1.0.0
2026-03-03 17:33:23 | INFO     | pramaan |   Credit Committee Architecture – Online
2026-03-03 17:33:23 | INFO     | pramaan | ============================================================
2026-03-03 17:33:23 | INFO     | uvicorn.error | Application startup complete.
2026-03-03 17:38:02 | INFO     | uvicorn.error | Shutting down
2026-03-03 17:38:03 | INFO     | uvicorn.error | Waiting for application shutdown.
2026-03-03 17:38:03 | INFO     | pramaan | Pramaan shutting down. Audit trail preserved.
2026-03-03 17:38:03 | INFO     | uvicorn.error | Application shutdown complete.
2026-03-03 17:38:03 | INFO     | uvicorn.error | Finished server process [29628]
